<?xml version="1.0" encoding="utf-8" ?>
<!DOCTYPE html PUBLIC "-//W3C//DTD XHTML 1.0 Strict//EN"
        "http://www.w3.org/TR/xhtml1/DTD/xhtml1-strict.dtd">
<html xmlns="http://www.w3.org/1999/xhtml" xml:lang="" lang="">
<head>
  <title>Test Results Report - Test</title>
  <meta http-equiv="Content-Type" content="text/html;charset=utf-8" />
  <meta name="description" content="TestNG unit test results." />
  <link href="reportng.css" rel="stylesheet" type="text/css" />
    <script type="text/javascript" src="reportng.js"></script>
</head>
<body>
<h1>Test</h1>
<p>
  Test duration: 2.458s
</p>



  <table class="resultsTable">
    <tr><th colspan="3" class="header failed">Failed Tests</th></tr>
          <tr>
        <td colspan="3" class="group">com.restassured.RunTest</td>
      </tr>
            
<tr>
  <td class="method">
                  runCases
      </td>
  <td class="duration">
    0.188s
  </td>
  <td class="result">
        
          <i>Method arguments: </i><span class="arguments">"case003", "", "true", "Y", "", "", "", ""</span><br />
    
        

        <a href="javascript:toggleElement('exception-0', 'block')" title="Click to expand/collapse"><b>io.restassured.path.json.exception.JsonPathException: Failed to parse the JSON document</b></a><br />
    <div class="stackTrace" id="exception-0">
              io.restassured.path.json.JsonPath$ExceptionCatcher.invoke(JsonPath.java:986)<br />
              io.restassured.path.json.JsonPath$4.doParseWith(JsonPath.java:951)<br />
              io.restassured.path.json.JsonPath$JsonParser.parseWith(JsonPath.java:1031)<br />
              io.restassured.path.json.JsonPath.get(JsonPath.java:202)<br />
              io.restassured.path.json.JsonPath.getInt(JsonPath.java:237)<br />
              com.restassured.RunTest.runCases(RunTest.java:62)<br />
              sun.reflect.NativeMethodAccessorImpl.invoke0(Native Method)<br />
              sun.reflect.NativeMethodAccessorImpl.invoke(NativeMethodAccessorImpl.java:62)<br />
              sun.reflect.DelegatingMethodAccessorImpl.invoke(DelegatingMethodAccessorImpl.java:43)<br />
              java.lang.reflect.Method.invoke(Method.java:498)<br />
              org.testng.internal.MethodInvocationHelper.invokeMethod(MethodInvocationHelper.java:124)<br />
              org.testng.internal.Invoker.invokeMethod(Invoker.java:583)<br />
              org.testng.internal.Invoker.invokeTestMethod(Invoker.java:719)<br />
              org.testng.internal.Invoker.invokeTestMethods(Invoker.java:989)<br />
              org.testng.internal.TestMethodWorker.invokeTestMethods(TestMethodWorker.java:125)<br />
              org.testng.internal.TestMethodWorker.run(TestMethodWorker.java:109)<br />
              org.testng.TestRunner.privateRun(TestRunner.java:648)<br />
              org.testng.TestRunner.run(TestRunner.java:505)<br />
              org.testng.SuiteRunner.runTest(SuiteRunner.java:455)<br />
              org.testng.SuiteRunner.runSequentially(SuiteRunner.java:450)<br />
              org.testng.SuiteRunner.privateRun(SuiteRunner.java:415)<br />
              org.testng.SuiteRunner.run(SuiteRunner.java:364)<br />
              org.testng.SuiteRunnerWorker.runSuite(SuiteRunnerWorker.java:52)<br />
              org.testng.SuiteRunnerWorker.run(SuiteRunnerWorker.java:84)<br />
              org.testng.TestNG.runSuitesSequentially(TestNG.java:1208)<br />
              org.testng.TestNG.runSuitesLocally(TestNG.java:1137)<br />
              org.testng.TestNG.runSuites(TestNG.java:1049)<br />
              org.testng.TestNG.run(TestNG.java:1017)<br />
              org.testng.IDEARemoteTestNG.run(IDEARemoteTestNG.java:72)<br />
              org.testng.RemoteTestNGStarter.main(RemoteTestNGStarter.java:123)<br />
                    <b>Caused by: </b> <a href="javascript:toggleElement('exception-1', 'block')" title="Click to expand/collapse">groovy.json.JsonException: Lexing failed on line: 1, column: 1, while reading &apos;&lt;&apos;, no possible valid JSON value or punctuation could be recognized.</a><br />
        <div class="stackTrace" id="exception-1">
                      groovy.json.JsonLexer.nextToken(JsonLexer.java:87)<br />
                      groovy.json.JsonLexer$nextToken.call(Unknown Source)<br />
                      io.restassured.internal.path.json.ConfigurableJsonSlurper.parse(ConfigurableJsonSlurper.groovy:97)<br />
                      io.restassured.internal.path.json.ConfigurableJsonSlurper$parse.callCurrent(Unknown Source)<br />
                      io.restassured.internal.path.json.ConfigurableJsonSlurper.parseText(ConfigurableJsonSlurper.groovy:83)<br />
                      io.restassured.path.json.JsonPath$4$1.method(JsonPath.java:949)<br />
                      io.restassured.path.json.JsonPath$ExceptionCatcher.invoke(JsonPath.java:984)<br />
                      io.restassured.path.json.JsonPath$4.doParseWith(JsonPath.java:951)<br />
                      io.restassured.path.json.JsonPath$JsonParser.parseWith(JsonPath.java:1031)<br />
                      io.restassured.path.json.JsonPath.get(JsonPath.java:202)<br />
                      io.restassured.path.json.JsonPath.getInt(JsonPath.java:237)<br />
                      com.restassured.RunTest.runCases(RunTest.java:62)<br />
                      sun.reflect.NativeMethodAccessorImpl.invoke0(Native Method)<br />
                      sun.reflect.NativeMethodAccessorImpl.invoke(NativeMethodAccessorImpl.java:62)<br />
                      sun.reflect.DelegatingMethodAccessorImpl.invoke(DelegatingMethodAccessorImpl.java:43)<br />
                      java.lang.reflect.Method.invoke(Method.java:498)<br />
                      org.testng.internal.MethodInvocationHelper.invokeMethod(MethodInvocationHelper.java:124)<br />
                      org.testng.internal.Invoker.invokeMethod(Invoker.java:583)<br />
                      org.testng.internal.Invoker.invokeTestMethod(Invoker.java:719)<br />
                      org.testng.internal.Invoker.invokeTestMethods(Invoker.java:989)<br />
                      org.testng.internal.TestMethodWorker.invokeTestMethods(TestMethodWorker.java:125)<br />
                      org.testng.internal.TestMethodWorker.run(TestMethodWorker.java:109)<br />
                      org.testng.TestRunner.privateRun(TestRunner.java:648)<br />
                      org.testng.TestRunner.run(TestRunner.java:505)<br />
                      org.testng.SuiteRunner.runTest(SuiteRunner.java:455)<br />
                      org.testng.SuiteRunner.runSequentially(SuiteRunner.java:450)<br />
                      org.testng.SuiteRunner.privateRun(SuiteRunner.java:415)<br />
                      org.testng.SuiteRunner.run(SuiteRunner.java:364)<br />
                      org.testng.SuiteRunnerWorker.runSuite(SuiteRunnerWorker.java:52)<br />
                      org.testng.SuiteRunnerWorker.run(SuiteRunnerWorker.java:84)<br />
                      org.testng.TestNG.runSuitesSequentially(TestNG.java:1208)<br />
                      org.testng.TestNG.runSuitesLocally(TestNG.java:1137)<br />
                      org.testng.TestNG.runSuites(TestNG.java:1049)<br />
                      org.testng.TestNG.run(TestNG.java:1017)<br />
                      org.testng.IDEARemoteTestNG.run(IDEARemoteTestNG.java:72)<br />
                      org.testng.RemoteTestNGStarter.main(RemoteTestNGStarter.java:123)<br />
                  </div>
          </div>
      </td>
</tr>
<tr>
  <td class="method">
                  runCases
      </td>
  <td class="duration">
    1.387s
  </td>
  <td class="result">
        
          <i>Method arguments: </i><span class="arguments">"case001", "接口", "true", "Y", "N", "this/is/interface", "1", "1"</span><br />
    
        

        <a href="javascript:toggleElement('exception-2', 'block')" title="Click to expand/collapse"><b>io.restassured.path.json.exception.JsonPathException: Failed to parse the JSON document</b></a><br />
    <div class="stackTrace" id="exception-2">
              io.restassured.path.json.JsonPath$ExceptionCatcher.invoke(JsonPath.java:986)<br />
              io.restassured.path.json.JsonPath$4.doParseWith(JsonPath.java:951)<br />
              io.restassured.path.json.JsonPath$JsonParser.parseWith(JsonPath.java:1031)<br />
              io.restassured.path.json.JsonPath.get(JsonPath.java:202)<br />
              io.restassured.path.json.JsonPath.getInt(JsonPath.java:237)<br />
              com.restassured.RunTest.runCases(RunTest.java:62)<br />
              sun.reflect.NativeMethodAccessorImpl.invoke0(Native Method)<br />
              sun.reflect.NativeMethodAccessorImpl.invoke(NativeMethodAccessorImpl.java:62)<br />
              sun.reflect.DelegatingMethodAccessorImpl.invoke(DelegatingMethodAccessorImpl.java:43)<br />
              java.lang.reflect.Method.invoke(Method.java:498)<br />
              org.testng.internal.MethodInvocationHelper.invokeMethod(MethodInvocationHelper.java:124)<br />
              org.testng.internal.Invoker.invokeMethod(Invoker.java:583)<br />
              org.testng.internal.Invoker.invokeTestMethod(Invoker.java:719)<br />
              org.testng.internal.Invoker.invokeTestMethods(Invoker.java:989)<br />
              org.testng.internal.TestMethodWorker.invokeTestMethods(TestMethodWorker.java:125)<br />
              org.testng.internal.TestMethodWorker.run(TestMethodWorker.java:109)<br />
              org.testng.TestRunner.privateRun(TestRunner.java:648)<br />
              org.testng.TestRunner.run(TestRunner.java:505)<br />
              org.testng.SuiteRunner.runTest(SuiteRunner.java:455)<br />
              org.testng.SuiteRunner.runSequentially(SuiteRunner.java:450)<br />
              org.testng.SuiteRunner.privateRun(SuiteRunner.java:415)<br />
              org.testng.SuiteRunner.run(SuiteRunner.java:364)<br />
              org.testng.SuiteRunnerWorker.runSuite(SuiteRunnerWorker.java:52)<br />
              org.testng.SuiteRunnerWorker.run(SuiteRunnerWorker.java:84)<br />
              org.testng.TestNG.runSuitesSequentially(TestNG.java:1208)<br />
              org.testng.TestNG.runSuitesLocally(TestNG.java:1137)<br />
              org.testng.TestNG.runSuites(TestNG.java:1049)<br />
              org.testng.TestNG.run(TestNG.java:1017)<br />
              org.testng.IDEARemoteTestNG.run(IDEARemoteTestNG.java:72)<br />
              org.testng.RemoteTestNGStarter.main(RemoteTestNGStarter.java:123)<br />
                    <b>Caused by: </b> <a href="javascript:toggleElement('exception-3', 'block')" title="Click to expand/collapse">groovy.json.JsonException: Lexing failed on line: 1, column: 1, while reading &apos;&lt;&apos;, no possible valid JSON value or punctuation could be recognized.</a><br />
        <div class="stackTrace" id="exception-3">
                      groovy.json.JsonLexer.nextToken(JsonLexer.java:87)<br />
                      groovy.json.JsonLexer$nextToken.call(Unknown Source)<br />
                      org.codehaus.groovy.runtime.callsite.CallSiteArray.defaultCall(CallSiteArray.java:47)<br />
                      org.codehaus.groovy.runtime.callsite.AbstractCallSite.call(AbstractCallSite.java:116)<br />
                      org.codehaus.groovy.runtime.callsite.AbstractCallSite.call(AbstractCallSite.java:120)<br />
                      io.restassured.internal.path.json.ConfigurableJsonSlurper.parse(ConfigurableJsonSlurper.groovy:97)<br />
                      io.restassured.internal.path.json.ConfigurableJsonSlurper$parse.callCurrent(Unknown Source)<br />
                      org.codehaus.groovy.runtime.callsite.CallSiteArray.defaultCallCurrent(CallSiteArray.java:51)<br />
                      org.codehaus.groovy.runtime.callsite.AbstractCallSite.callCurrent(AbstractCallSite.java:157)<br />
                      org.codehaus.groovy.runtime.callsite.AbstractCallSite.callCurrent(AbstractCallSite.java:169)<br />
                      io.restassured.internal.path.json.ConfigurableJsonSlurper.parseText(ConfigurableJsonSlurper.groovy:83)<br />
                      io.restassured.path.json.JsonPath$4$1.method(JsonPath.java:949)<br />
                      io.restassured.path.json.JsonPath$ExceptionCatcher.invoke(JsonPath.java:984)<br />
                      io.restassured.path.json.JsonPath$4.doParseWith(JsonPath.java:951)<br />
                      io.restassured.path.json.JsonPath$JsonParser.parseWith(JsonPath.java:1031)<br />
                      io.restassured.path.json.JsonPath.get(JsonPath.java:202)<br />
                      io.restassured.path.json.JsonPath.getInt(JsonPath.java:237)<br />
                      com.restassured.RunTest.runCases(RunTest.java:62)<br />
                      sun.reflect.NativeMethodAccessorImpl.invoke0(Native Method)<br />
                      sun.reflect.NativeMethodAccessorImpl.invoke(NativeMethodAccessorImpl.java:62)<br />
                      sun.reflect.DelegatingMethodAccessorImpl.invoke(DelegatingMethodAccessorImpl.java:43)<br />
                      java.lang.reflect.Method.invoke(Method.java:498)<br />
                      org.testng.internal.MethodInvocationHelper.invokeMethod(MethodInvocationHelper.java:124)<br />
                      org.testng.internal.Invoker.invokeMethod(Invoker.java:583)<br />
                      org.testng.internal.Invoker.invokeTestMethod(Invoker.java:719)<br />
                      org.testng.internal.Invoker.invokeTestMethods(Invoker.java:989)<br />
                      org.testng.internal.TestMethodWorker.invokeTestMethods(TestMethodWorker.java:125)<br />
                      org.testng.internal.TestMethodWorker.run(TestMethodWorker.java:109)<br />
                      org.testng.TestRunner.privateRun(TestRunner.java:648)<br />
                      org.testng.TestRunner.run(TestRunner.java:505)<br />
                      org.testng.SuiteRunner.runTest(SuiteRunner.java:455)<br />
                      org.testng.SuiteRunner.runSequentially(SuiteRunner.java:450)<br />
                      org.testng.SuiteRunner.privateRun(SuiteRunner.java:415)<br />
                      org.testng.SuiteRunner.run(SuiteRunner.java:364)<br />
                      org.testng.SuiteRunnerWorker.runSuite(SuiteRunnerWorker.java:52)<br />
                      org.testng.SuiteRunnerWorker.run(SuiteRunnerWorker.java:84)<br />
                      org.testng.TestNG.runSuitesSequentially(TestNG.java:1208)<br />
                      org.testng.TestNG.runSuitesLocally(TestNG.java:1137)<br />
                      org.testng.TestNG.runSuites(TestNG.java:1049)<br />
                      org.testng.TestNG.run(TestNG.java:1017)<br />
                      org.testng.IDEARemoteTestNG.run(IDEARemoteTestNG.java:72)<br />
                      org.testng.RemoteTestNGStarter.main(RemoteTestNGStarter.java:123)<br />
                  </div>
          </div>
      </td>
</tr>
<tr>
  <td class="method">
                  runCases
      </td>
  <td class="duration">
    0.198s
  </td>
  <td class="result">
        
          <i>Method arguments: </i><span class="arguments">"case005", "", "true", "Y", "", "", "", ""</span><br />
    
        

        <a href="javascript:toggleElement('exception-4', 'block')" title="Click to expand/collapse"><b>io.restassured.path.json.exception.JsonPathException: Failed to parse the JSON document</b></a><br />
    <div class="stackTrace" id="exception-4">
              io.restassured.path.json.JsonPath$ExceptionCatcher.invoke(JsonPath.java:986)<br />
              io.restassured.path.json.JsonPath$4.doParseWith(JsonPath.java:951)<br />
              io.restassured.path.json.JsonPath$JsonParser.parseWith(JsonPath.java:1031)<br />
              io.restassured.path.json.JsonPath.get(JsonPath.java:202)<br />
              io.restassured.path.json.JsonPath.getInt(JsonPath.java:237)<br />
              com.restassured.RunTest.runCases(RunTest.java:62)<br />
              sun.reflect.NativeMethodAccessorImpl.invoke0(Native Method)<br />
              sun.reflect.NativeMethodAccessorImpl.invoke(NativeMethodAccessorImpl.java:62)<br />
              sun.reflect.DelegatingMethodAccessorImpl.invoke(DelegatingMethodAccessorImpl.java:43)<br />
              java.lang.reflect.Method.invoke(Method.java:498)<br />
              org.testng.internal.MethodInvocationHelper.invokeMethod(MethodInvocationHelper.java:124)<br />
              org.testng.internal.Invoker.invokeMethod(Invoker.java:583)<br />
              org.testng.internal.Invoker.invokeTestMethod(Invoker.java:719)<br />
              org.testng.internal.Invoker.invokeTestMethods(Invoker.java:989)<br />
              org.testng.internal.TestMethodWorker.invokeTestMethods(TestMethodWorker.java:125)<br />
              org.testng.internal.TestMethodWorker.run(TestMethodWorker.java:109)<br />
              org.testng.TestRunner.privateRun(TestRunner.java:648)<br />
              org.testng.TestRunner.run(TestRunner.java:505)<br />
              org.testng.SuiteRunner.runTest(SuiteRunner.java:455)<br />
              org.testng.SuiteRunner.runSequentially(SuiteRunner.java:450)<br />
              org.testng.SuiteRunner.privateRun(SuiteRunner.java:415)<br />
              org.testng.SuiteRunner.run(SuiteRunner.java:364)<br />
              org.testng.SuiteRunnerWorker.runSuite(SuiteRunnerWorker.java:52)<br />
              org.testng.SuiteRunnerWorker.run(SuiteRunnerWorker.java:84)<br />
              org.testng.TestNG.runSuitesSequentially(TestNG.java:1208)<br />
              org.testng.TestNG.runSuitesLocally(TestNG.java:1137)<br />
              org.testng.TestNG.runSuites(TestNG.java:1049)<br />
              org.testng.TestNG.run(TestNG.java:1017)<br />
              org.testng.IDEARemoteTestNG.run(IDEARemoteTestNG.java:72)<br />
              org.testng.RemoteTestNGStarter.main(RemoteTestNGStarter.java:123)<br />
                    <b>Caused by: </b> <a href="javascript:toggleElement('exception-5', 'block')" title="Click to expand/collapse">groovy.json.JsonException: Lexing failed on line: 1, column: 1, while reading &apos;&lt;&apos;, no possible valid JSON value or punctuation could be recognized.</a><br />
        <div class="stackTrace" id="exception-5">
                      groovy.json.JsonLexer.nextToken(JsonLexer.java:87)<br />
                      groovy.json.JsonLexer$nextToken.call(Unknown Source)<br />
                      io.restassured.internal.path.json.ConfigurableJsonSlurper.parse(ConfigurableJsonSlurper.groovy:97)<br />
                      io.restassured.internal.path.json.ConfigurableJsonSlurper$parse.callCurrent(Unknown Source)<br />
                      io.restassured.internal.path.json.ConfigurableJsonSlurper.parseText(ConfigurableJsonSlurper.groovy:83)<br />
                      io.restassured.path.json.JsonPath$4$1.method(JsonPath.java:949)<br />
                      io.restassured.path.json.JsonPath$ExceptionCatcher.invoke(JsonPath.java:984)<br />
                      io.restassured.path.json.JsonPath$4.doParseWith(JsonPath.java:951)<br />
                      io.restassured.path.json.JsonPath$JsonParser.parseWith(JsonPath.java:1031)<br />
                      io.restassured.path.json.JsonPath.get(JsonPath.java:202)<br />
                      io.restassured.path.json.JsonPath.getInt(JsonPath.java:237)<br />
                      com.restassured.RunTest.runCases(RunTest.java:62)<br />
                      sun.reflect.NativeMethodAccessorImpl.invoke0(Native Method)<br />
                      sun.reflect.NativeMethodAccessorImpl.invoke(NativeMethodAccessorImpl.java:62)<br />
                      sun.reflect.DelegatingMethodAccessorImpl.invoke(DelegatingMethodAccessorImpl.java:43)<br />
                      java.lang.reflect.Method.invoke(Method.java:498)<br />
                      org.testng.internal.MethodInvocationHelper.invokeMethod(MethodInvocationHelper.java:124)<br />
                      org.testng.internal.Invoker.invokeMethod(Invoker.java:583)<br />
                      org.testng.internal.Invoker.invokeTestMethod(Invoker.java:719)<br />
                      org.testng.internal.Invoker.invokeTestMethods(Invoker.java:989)<br />
                      org.testng.internal.TestMethodWorker.invokeTestMethods(TestMethodWorker.java:125)<br />
                      org.testng.internal.TestMethodWorker.run(TestMethodWorker.java:109)<br />
                      org.testng.TestRunner.privateRun(TestRunner.java:648)<br />
                      org.testng.TestRunner.run(TestRunner.java:505)<br />
                      org.testng.SuiteRunner.runTest(SuiteRunner.java:455)<br />
                      org.testng.SuiteRunner.runSequentially(SuiteRunner.java:450)<br />
                      org.testng.SuiteRunner.privateRun(SuiteRunner.java:415)<br />
                      org.testng.SuiteRunner.run(SuiteRunner.java:364)<br />
                      org.testng.SuiteRunnerWorker.runSuite(SuiteRunnerWorker.java:52)<br />
                      org.testng.SuiteRunnerWorker.run(SuiteRunnerWorker.java:84)<br />
                      org.testng.TestNG.runSuitesSequentially(TestNG.java:1208)<br />
                      org.testng.TestNG.runSuitesLocally(TestNG.java:1137)<br />
                      org.testng.TestNG.runSuites(TestNG.java:1049)<br />
                      org.testng.TestNG.run(TestNG.java:1017)<br />
                      org.testng.IDEARemoteTestNG.run(IDEARemoteTestNG.java:72)<br />
                      org.testng.RemoteTestNGStarter.main(RemoteTestNGStarter.java:123)<br />
                  </div>
          </div>
      </td>
</tr>
      </table>


  
</body>
</html>
